<?xml version="1.0" encoding="UTF-8"?>
<!-- Generated by org.testng.reporters.JUnitReportReporter -->
<testsuite hostname="Amr" failures="0" tests="2" name="test.searchTest" time="67.204" errors="0" timestamp="30 Jul 2021 21:43:30 GMT" skipped="0">
  <testcase classname="test.searchTest" name="failSearch" time="30.402"/>
  <testcase classname="test.searchTest" name="successSearch" time="36.802"/>
</testsuite> <!-- test.searchTest -->
